This file contains any messages produced by compilers while
running configure, to aid debugging if configure makes a mistake.

It was created by Backup Scripts configure 1.0.21, which was
generated by GNU Autoconf 2.69.  Invocation command line was

  $ ./configure 

## --------- ##
## Platform. ##
## --------- ##

hostname = Poseidon
uname -m = x86_64
uname -r = 3.5.0-25-generic
uname -s = Linux
uname -v = #39-Ubuntu SMP Mon Feb 25 18:26:58 UTC 2013

/usr/bin/uname -p = unknown
/bin/uname -X     = unknown

/bin/arch              = unknown
/usr/bin/arch -k       = unknown
/usr/convex/getsysinfo = unknown
/usr/bin/hostinfo      = unknown
/bin/machine           = unknown
/usr/bin/oslevel       = unknown
/bin/universe          = unknown

PATH: /usr/lib/lightdm/lightdm
PATH: /usr/local/sbin
PATH: /usr/local/bin
PATH: /usr/sbin
PATH: /usr/bin
PATH: /sbin
PATH: /bin
PATH: /usr/games
PATH: /usr/local/games


## ----------- ##
## Core tests. ##
## ----------- ##

configure:1743: checking for a BSD-compatible install
configure:1811: result: /usr/bin/install -c
configure:1822: checking whether build environment is sane
configure:1872: result: yes
configure:2013: checking for a thread-safe mkdir -p
configure:2052: result: /bin/mkdir -p
configure:2065: checking for gawk
configure:2081: found /usr/bin/gawk
configure:2092: result: gawk
configure:2103: checking whether make sets $(MAKE)
configure:2125: result: yes
configure:2213: checking for bash
configure:2241: result: /bin/bash
configure:2255: checking for tar
configure:2271: found /bin/tar
configure:2283: result: yes
configure:2454: creating ./config.status

## ---------------------- ##
## Running config.status. ##
## ---------------------- ##

This file was extended by Backup Scripts config.status 1.0.21, which was
generated by GNU Autoconf 2.69.  Invocation command line was

  CONFIG_FILES    = 
  CONFIG_HEADERS  = 
  CONFIG_LINKS    = 
  CONFIG_COMMANDS = 
  $ ./config.status 

on Poseidon

config.status:742: creating Makefile
config.status:742: creating scripts/Makefile
config.status:742: creating manpages/Makefile

## ---------------- ##
## Cache variables. ##
## ---------------- ##

ac_cv_env_build_alias_set=
ac_cv_env_build_alias_value=
ac_cv_env_host_alias_set=
ac_cv_env_host_alias_value=
ac_cv_env_target_alias_set=
ac_cv_env_target_alias_value=
ac_cv_path_install='/usr/bin/install -c'
ac_cv_path_mkdir=/bin/mkdir
ac_cv_prog_AWK=gawk
ac_cv_prog_BASH=/bin/bash
ac_cv_prog_TAR=yes
ac_cv_prog_make_make_set=yes

## ----------------- ##
## Output variables. ##
## ----------------- ##

ACLOCAL='${SHELL} /home/mgrantprg/ScriptProjects/IXBackups/missing --run aclocal-1.11'
AMTAR='$${TAR-tar}'
AUTOCONF='${SHELL} /home/mgrantprg/ScriptProjects/IXBackups/missing --run autoconf'
AUTOHEADER='${SHELL} /home/mgrantprg/ScriptProjects/IXBackups/missing --run autoheader'
AUTOMAKE='${SHELL} /home/mgrantprg/ScriptProjects/IXBackups/missing --run automake-1.11'
AWK='gawk'
BASH='/bin/bash'
CYGPATH_W='echo'
DEFS='-DPACKAGE_NAME=\"Backup\ Scripts\" -DPACKAGE_TARNAME=\"backup-scripts\" -DPACKAGE_VERSION=\"1.0.21\" -DPACKAGE_STRING=\"Backup\ Scripts\ 1.0.21\" -DPACKAGE_BUGREPORT=\"m.grant.prg@gmail.com\" -DPACKAGE_URL=\"\" -DPACKAGE=\"backup-scripts\" -DVERSION=\"1.0.21\"'
ECHO_C=''
ECHO_N='-n'
ECHO_T=''
INSTALL_DATA='${INSTALL} -m 644'
INSTALL_PROGRAM='${INSTALL}'
INSTALL_SCRIPT='${INSTALL}'
INSTALL_STRIP_PROGRAM='$(install_sh) -c -s'
LIBOBJS=''
LIBS=''
LTLIBOBJS=''
MAKEINFO='${SHELL} /home/mgrantprg/ScriptProjects/IXBackups/missing --run makeinfo'
MKDIR_P='/bin/mkdir -p'
PACKAGE='backup-scripts'
PACKAGE_BUGREPORT='m.grant.prg@gmail.com'
PACKAGE_NAME='Backup Scripts'
PACKAGE_STRING='Backup Scripts 1.0.21'
PACKAGE_TARNAME='backup-scripts'
PACKAGE_URL=''
PACKAGE_VERSION='1.0.21'
PATH_SEPARATOR=':'
SET_MAKE=''
SHELL='/bin/bash'
STRIP=''
TAR='yes'
VERSION='1.0.21'
am__isrc=''
am__leading_dot='.'
am__tar='$${TAR-tar} chof - "$$tardir"'
am__untar='$${TAR-tar} xf -'
bindir='${exec_prefix}/bin'
build_alias=''
datadir='${datarootdir}'
datarootdir='${prefix}/share'
docdir='${datarootdir}/doc/${PACKAGE_TARNAME}'
dvidir='${docdir}'
exec_prefix='${prefix}'
host_alias=''
htmldir='${docdir}'
includedir='${prefix}/include'
infodir='${datarootdir}/info'
install_sh='${SHELL} /home/mgrantprg/ScriptProjects/IXBackups/install-sh'
libdir='${exec_prefix}/lib'
libexecdir='${exec_prefix}/libexec'
localedir='${datarootdir}/locale'
localstatedir='${prefix}/var'
mandir='${datarootdir}/man'
mkdir_p='/bin/mkdir -p'
oldincludedir='/usr/include'
pdfdir='${docdir}'
prefix='/usr/local'
program_transform_name='s,x,x,'
psdir='${docdir}'
sbindir='${exec_prefix}/sbin'
sharedstatedir='${prefix}/com'
sysconfdir='${prefix}/etc'
target_alias=''

## ----------- ##
## confdefs.h. ##
## ----------- ##

/* confdefs.h */
#define PACKAGE_NAME "Backup Scripts"
#define PACKAGE_TARNAME "backup-scripts"
#define PACKAGE_VERSION "1.0.21"
#define PACKAGE_STRING "Backup Scripts 1.0.21"
#define PACKAGE_BUGREPORT "m.grant.prg@gmail.com"
#define PACKAGE_URL ""
#define PACKAGE "backup-scripts"
#define VERSION "1.0.21"

configure: exit 0
